<?xml version="1.0" encoding="UTF-8"?>
<!-- Generated by org.testng.reporters.JUnitXMLReporter -->
<testsuite ignored="0" hostname="DESKTOP-FTO61DR" failures="0" tests="4" name="Default test" time="0.216" errors="0" timestamp="2026-07-21T14:43:05 IST">
  <testcase classname="testing.session2" name="dataPrint" time="0.013"/>
  <testcase classname="testing.session2" name="dataPrint" time="0.005"/>
  <testcase classname="testing.session2" name="dataPrint" time="0.007"/>
  <testcase classname="testing.session2" name="print3" time="0.004"/>
</testsuite> <!-- Default test -->
