<?xml version="1.0" encoding="UTF-8"?>
<!-- Generated by org.testng.reporters.JUnitXMLReporter -->
<testsuite ignored="1" hostname="DESKTOP-FTO61DR" failures="0" tests="1" name="Excludefunction" time="0.029" errors="0" timestamp="2026-07-21T12:45:35 IST">
  <testcase classname="testing.session4" name="seleniumTesting" time="0.006"/>
  <testcase classname="testing.session4" name="playwrightTesting" time="0.0">
    <ignored/>
  </testcase> <!-- playwrightTesting -->
</testsuite> <!-- Excludefunction -->
