<?xml version="1.0" encoding="UTF-8"?>
<!-- Generated by org.testng.reporters.JUnitXMLReporter -->
<testsuite ignored="0" hostname="DESKTOP-FTO61DR" failures="1" tests="6" name="Loan" time="0.239" errors="0" timestamp="2026-07-21T12:45:35 IST">
  <testcase classname="testing.session3" name="apiTest" time="0.006"/>
  <testcase classname="testing.session3" name="dependencies" time="0.0">
    <failure type="org.testng.TestNGException" message="
Parameter &amp;apos;URL&amp;apos; is required by @Test on method dependencies but has not been marked @Optional or defined
in C:\Users\ADMIN\eclipse-workspace\TestNGFile\testng.xml">
      <![CDATA[org.testng.TestNGException: 
Parameter 'URL' is required by @Test on method dependencies but has not been marked @Optional or defined
in C:\Users\ADMIN\eclipse-workspace\TestNGFile\testng.xml
at java.base/java.util.ArrayList.forEach(ArrayList.java:1511)
... Removed 26 stack frames]]>
    </failure>
  </testcase> <!-- dependencies -->
  <testcase classname="testing.session3" name="mobileLogOut" time="0.013"/>
  <testcase classname="testing.session3" name="mobileLogin" time="0.01"/>
  <testcase classname="testing.session3" name="mobileTest" time="0.008"/>
  <testcase classname="testing.session3" name="webTest" time="0.008"/>
</testsuite> <!-- Loan -->
