<?xml version="1.0" encoding="UTF-8"?>
<!-- Generated by org.testng.reporters.JUnitXMLReporter -->
<testsuite ignored="0" hostname="DESKTOP-FTO61DR" failures="0" tests="6" name="Regression" time="0.496" errors="0" timestamp="2026-07-28T15:15:28 IST">
  <testcase classname="testing.session3" name="apiTest" time="0.033"/>
  <testcase classname="testing.session3" name="dependencies" time="0.015"/>
  <testcase classname="testing.session3" name="mobileLogOut" time="0.007"/>
  <testcase classname="testing.session3" name="mobileLogin" time="0.004"/>
  <testcase classname="testing.session3" name="mobileTest" time="0.01"/>
  <testcase classname="testing.session3" name="webTest" time="0.002"/>
</testsuite> <!-- Regression -->
