<?xml version="1.0" encoding="UTF-8"?>
<!-- Generated by org.testng.reporters.JUnitXMLReporter -->
<testsuite ignored="0" hostname="DESKTOP-FTO61DR" failures="0" tests="6" name="Test" time="0.225" errors="0" timestamp="2026-07-28T15:41:28 IST">
  <testcase classname="testing.session1" name="print" time="0.016"/>
  <testcase classname="testing.session1" name="print2" time="0.002"/>
  <testcase classname="testing.session2" name="print3" time="0.004"/>
  <testcase classname="testing.session2" name="print4" time="0.006"/>
  <testcase classname="testing.session4" name="playwrightTesting" time="0.005"/>
  <testcase classname="testing.session4" name="seleniumTesting" time="0.006"/>
</testsuite> <!-- Test -->
