<?xml version="1.0" encoding="UTF-8"?>
<!-- Generated by org.testng.reporters.JUnitReportReporter -->
<testsuite hostname="DESKTOP-FTO61DR" failures="0" tests="6" name="testing.session3" time="0.154" errors="0" timestamp="2026-07-28T15:15:29 IST" skipped="0">
  <testcase classname="testing.session3" name="webTest" time="0.005"/>
  <testcase classname="testing.session3" name="mobileLogOut" time="0.009"/>
  <testcase classname="testing.session3" name="mobileLogin" time="0.061"/>
  <testcase classname="testing.session3" name="dependencies" time="0.030"/>
  <testcase classname="testing.session3" name="mobileTest" time="0.013"/>
  <testcase classname="testing.session3" name="apiTest" time="0.036"/>
</testsuite> <!-- testing.session3 -->
